2023-08-23 22:55:06 INFO [Lwjgl3Launcher:14 main]: DECO3801 Hermes+Atlas, by Team Segmentation fault (core dumped) - UQ 2023 Semester 2
2023-08-23 22:55:07 INFO [Lwjgl3Launcher:15 main]: Working dir: C:\Users\hbatt\OneDrive\university_files\2023\s2\deco3801\hermes\.
2023-08-23 22:55:08 INFO [TileServerManager:60 Thread-2]: Starting tile server: [docker, start, atlas-tileserver]
2023-08-23 22:55:10 DEBUG [LoadingScreen:74 Thread-2]: Checking tile server connectivity
2023-08-23 22:55:10 DEBUG [TileServerManager:84 Thread-2]: Fetching tile: http://localhost:8080/tile/0/0/0.png
2023-08-23 22:55:10 WARN [TileServerManager:92 Thread-2]: Unable to contact tile server: java.net.SocketException: Unexpected end of file from server
2023-08-23 22:55:11 DEBUG [TileServerManager:84 Thread-2]: Fetching tile: http://localhost:8080/tile/0/0/0.png
2023-08-23 22:55:11 WARN [TileServerManager:92 Thread-2]: Unable to contact tile server: java.net.SocketException: Unexpected end of file from server
2023-08-23 22:55:12 DEBUG [TileServerManager:84 Thread-2]: Fetching tile: http://localhost:8080/tile/0/0/0.png
2023-08-23 22:55:12 WARN [TileServerManager:92 Thread-2]: Unable to contact tile server: java.net.SocketException: Unexpected end of file from server
2023-08-23 22:55:13 DEBUG [TileServerManager:84 Thread-2]: Fetching tile: http://localhost:8080/tile/0/0/0.png
2023-08-23 22:55:13 WARN [TileServerManager:92 Thread-2]: Unable to contact tile server: java.net.SocketException: Unexpected end of file from server
2023-08-23 22:55:14 DEBUG [TileServerManager:84 Thread-2]: Fetching tile: http://localhost:8080/tile/0/0/0.png
2023-08-23 22:55:14 INFO [LoadingScreen:81 Thread-2]: Loading assets
2023-08-23 22:55:15 INFO [LoadingScreen:100 main]: Done loading assets
2023-08-23 22:55:15 INFO [SimulationScreen:169 main]: Creating AtlasScreen
2023-08-23 22:55:15 INFO [SimulationScreen:174 main]: Using graphics preset: It Runs Crysis
2023-08-23 22:55:16 INFO [AtlasSceneManager:78 main]: Using PBR shader for It Runs Crysis graphics
2023-08-23 22:55:16 INFO [SimulationScreen:136 main]: Updating 4 models to have 16.0x anisotropic filtering
2023-08-23 22:55:16 DEBUG [SimulationScreen:153 main]: Construct test scene
2023-08-23 22:55:16 DEBUG [SimulationScreen:164 main]: Added train at (5.708705,-8.537121,244.11838)
2023-08-23 22:55:16 DEBUG [SimulationScreen:164 main]: Added bus at (-0.63827705,-8.182737,218.92287)
2023-08-23 22:55:16 DEBUG [SimulationScreen:164 main]: Added bus at (2.6493473,-7.7239513,53.42572)
2023-08-23 22:55:16 DEBUG [SimulationScreen:164 main]: Added bus at (-0.8630791,8.631195,289.2791)
2023-08-23 22:55:16 DEBUG [SimulationScreen:164 main]: Added train at (-8.738659,9.30876,200.1774)
2023-08-23 22:55:16 DEBUG [SimulationScreen:164 main]: Added bus at (2.260931,-4.5632877,352.25308)
2023-08-23 22:55:16 DEBUG [SimulationScreen:164 main]: Added train at (-0.91494083,3.7753067,233.32379)
2023-08-23 22:55:16 DEBUG [SimulationScreen:164 main]: Added bus at (3.2594414,-3.3606458,255.52415)
2023-08-23 22:55:16 DEBUG [SimulationScreen:164 main]: Added bus at (0.16253948,-3.1081781,7.236192)
2023-08-23 22:55:16 DEBUG [SimulationScreen:164 main]: Added train at (-1.7358913,-1.3731184,21.508291)
2023-08-23 22:55:16 DEBUG [SimulationScreen:164 main]: Added bus at (5.813136,-6.727153,296.98154)
2023-08-23 22:55:16 DEBUG [SimulationScreen:164 main]: Added train at (-7.5075283,9.01247,36.881985)
2023-08-23 22:55:16 DEBUG [SimulationScreen:164 main]: Added bus at (6.603958,3.7466135,168.01027)
2023-08-23 22:55:16 DEBUG [SimulationScreen:164 main]: Added train at (-0.43043137,8.840406,177.55237)
2023-08-23 22:55:16 DEBUG [SimulationScreen:164 main]: Added train at (-1.658123,-5.9778333,26.455185)
2023-08-23 22:55:16 DEBUG [SimulationScreen:164 main]: Added train at (6.8427544,8.900227,132.21107)
2023-08-23 22:55:16 DEBUG [SimulationScreen:164 main]: Added train at (-2.3114834,8.014048,189.29507)
2023-08-23 22:55:16 DEBUG [SimulationScreen:164 main]: Added bus at (-5.437993,6.367136,108.0729)
2023-08-23 22:55:16 DEBUG [SimulationScreen:164 main]: Added train at (-0.7166729,-1.8742638,61.712803)
2023-08-23 22:55:16 DEBUG [SimulationScreen:164 main]: Added bus at (3.3945122,-9.63395,236.19252)
2023-08-23 22:55:16 DEBUG [SimulationScreen:164 main]: Added bus at (5.2997837,-6.5056553,119.180565)
2023-08-23 22:55:16 DEBUG [SimulationScreen:164 main]: Added train at (5.7044296,-8.211811,111.51482)
2023-08-23 22:55:16 DEBUG [SimulationScreen:164 main]: Added bus at (-5.961678,4.1194735,287.22543)
2023-08-23 22:55:16 DEBUG [SimulationScreen:164 main]: Added train at (4.052844,7.1659966,141.44603)
2023-08-23 22:55:16 DEBUG [SimulationScreen:164 main]: Added bus at (-3.7451067,8.703819,327.37146)
2023-08-23 22:55:16 DEBUG [SimulationScreen:164 main]: Added train at (-0.022230148,8.206604,330.74472)
2023-08-23 22:55:16 DEBUG [SimulationScreen:164 main]: Added train at (-4.39914,-6.9491243,105.00233)
2023-08-23 22:55:16 DEBUG [SimulationScreen:164 main]: Added bus at (-7.1230307,-7.9370522,207.05258)
2023-08-23 22:55:16 DEBUG [SimulationScreen:164 main]: Added train at (-3.6974516,-3.391036,111.84895)
2023-08-23 22:55:16 DEBUG [SimulationScreen:164 main]: Added bus at (-5.342327,6.8536816,241.50832)
2023-08-23 22:55:16 DEBUG [SimulationScreen:164 main]: Added bus at (-1.1759396,-1.6318684,287.47217)
2023-08-23 22:55:16 DEBUG [SimulationScreen:164 main]: Added train at (-5.5539,-6.564761,344.1371)
2023-08-23 22:55:16 DEBUG [SimulationScreen:164 main]: Added train at (2.4171028,-2.0432973,18.344936)
2023-08-23 22:55:16 DEBUG [SimulationScreen:164 main]: Added bus at (-7.4383354,-4.4664145,193.91087)
2023-08-23 22:55:16 DEBUG [SimulationScreen:164 main]: Added train at (-8.486464,6.1512737,250.59525)
2023-08-23 22:55:16 DEBUG [SimulationScreen:164 main]: Added train at (5.0655136,0.6866274,332.95944)
2023-08-23 22:55:16 DEBUG [SimulationScreen:164 main]: Added train at (7.2988853,-0.30537033,332.94153)
2023-08-23 22:55:16 DEBUG [SimulationScreen:164 main]: Added bus at (-2.3848305,6.5281296,91.89192)
2023-08-23 22:55:16 DEBUG [SimulationScreen:164 main]: Added train at (-2.4572935,-7.1445465,22.071684)
2023-08-23 22:55:16 DEBUG [SimulationScreen:164 main]: Added train at (3.2235203,-4.774684,290.5912)
2023-08-23 22:55:16 DEBUG [SimulationScreen:164 main]: Added train at (4.026039,-2.438017,190.97247)
2023-08-23 22:55:16 DEBUG [SimulationScreen:164 main]: Added bus at (5.950033,-8.91338,22.992582)
2023-08-23 22:55:16 DEBUG [SimulationScreen:164 main]: Added bus at (0.43616486,-3.1864023,112.1644)
2023-08-23 22:55:16 DEBUG [SimulationScreen:164 main]: Added train at (6.024025,-2.4761305,298.43088)
2023-08-23 22:55:16 DEBUG [SimulationScreen:164 main]: Added train at (-9.646072,-9.58386,269.24203)
2023-08-23 22:55:16 DEBUG [SimulationScreen:164 main]: Added bus at (-6.7148075,-3.7713852,182.66335)
2023-08-23 22:55:16 DEBUG [SimulationScreen:164 main]: Added train at (-0.35025215,-1.9593153,310.92557)
2023-08-23 22:55:16 DEBUG [SimulationScreen:164 main]: Added bus at (-1.623848,-1.9651651,276.53458)
2023-08-23 22:55:16 DEBUG [SimulationScreen:164 main]: Added bus at (1.9179058,4.221676,24.209877)
2023-08-23 22:55:16 DEBUG [SimulationScreen:164 main]: Added bus at (4.291441,5.9070387,152.1211)
2023-08-23 22:55:16 DEBUG [SimulationScreen:164 main]: Added bus at (1.754056,9.020218,197.39676)
2023-08-23 22:55:16 DEBUG [SimulationScreen:164 main]: Added train at (-1.7403688,-1.1061192,299.24075)
2023-08-23 22:55:16 DEBUG [SimulationScreen:164 main]: Added train at (-3.360816,4.071742,40.173397)
2023-08-23 22:55:16 DEBUG [SimulationScreen:164 main]: Added train at (-5.291643,6.8603573,282.80994)
2023-08-23 22:55:16 DEBUG [SimulationScreen:164 main]: Added train at (-7.854097,1.7153053,234.28383)
2023-08-23 22:55:16 DEBUG [SimulationScreen:164 main]: Added bus at (-9.557061,2.9770098,286.2619)
2023-08-23 22:55:16 DEBUG [SimulationScreen:164 main]: Added bus at (9.838396,-5.8916655,36.79519)
2023-08-23 22:55:16 DEBUG [SimulationScreen:164 main]: Added train at (4.814768,-9.405851,105.623695)
2023-08-23 22:55:16 DEBUG [SimulationScreen:164 main]: Added train at (3.5843992,-8.981173,284.00153)
2023-08-23 22:55:16 DEBUG [SimulationScreen:164 main]: Added train at (4.2031374,1.0071716,64.5665)
2023-08-23 22:55:16 DEBUG [SimulationScreen:164 main]: Added bus at (5.159277,-7.45821,145.93146)
2023-08-23 22:55:16 DEBUG [SimulationScreen:164 main]: Added bus at (3.8731422,-9.75045,239.98366)
2023-08-23 22:55:16 DEBUG [SimulationScreen:164 main]: Added train at (-9.591043,2.648672,40.96158)
2023-08-23 22:55:16 DEBUG [SimulationScreen:164 main]: Added bus at (-2.8447304,6.6252804,122.18852)
2023-08-23 22:55:16 DEBUG [SimulationScreen:164 main]: Added bus at (5.8970966,-0.39736938,349.8709)
2023-08-23 22:55:16 DEBUG [SimulationScreen:164 main]: Added train at (2.9659977,-7.825407,40.751896)
2023-08-23 22:55:16 DEBUG [SimulationScreen:164 main]: Added train at (-1.5705214,1.52668,337.00342)
2023-08-23 22:55:16 DEBUG [SimulationScreen:164 main]: Added bus at (-8.965044,-0.12151337,48.171722)
2023-08-23 22:55:16 DEBUG [SimulationScreen:164 main]: Added train at (-5.5101643,-2.483971,283.7713)
2023-08-23 22:55:16 DEBUG [SimulationScreen:164 main]: Added train at (-6.7075014,7.2805347,242.76152)
2023-08-23 22:55:16 DEBUG [SimulationScreen:164 main]: Added train at (-6.6203394,-8.662201,301.59805)
2023-08-23 22:55:16 DEBUG [SimulationScreen:164 main]: Added train at (-3.0179048,-4.494358,309.9584)
2023-08-23 22:55:16 DEBUG [SimulationScreen:164 main]: Added train at (2.2439432,4.428191,27.644928)
2023-08-23 22:55:16 DEBUG [SimulationScreen:164 main]: Added bus at (-1.0979156,-5.7860923,55.31228)
2023-08-23 22:55:16 DEBUG [SimulationScreen:164 main]: Added bus at (-0.9506273,-6.1478195,84.901054)
2023-08-23 22:55:16 DEBUG [SimulationScreen:164 main]: Added bus at (-9.424272,-7.718451,256.52234)
2023-08-23 22:55:16 DEBUG [SimulationScreen:164 main]: Added bus at (-7.784439,8.640141,169.72609)
2023-08-23 22:55:16 DEBUG [SimulationScreen:164 main]: Added train at (8.232677,-0.074344635,215.10046)
2023-08-23 22:55:16 DEBUG [SimulationScreen:164 main]: Added train at (7.286188,9.777075,78.750626)
2023-08-23 22:55:16 DEBUG [SimulationScreen:164 main]: Added bus at (9.86578,-5.3516507,105.11024)
2023-08-23 22:55:16 DEBUG [SimulationScreen:164 main]: Added bus at (-2.7231064,2.0513573,318.69943)
2023-08-23 22:55:16 DEBUG [SimulationScreen:164 main]: Added train at (-7.393237,9.728531,2.8749204)
2023-08-23 22:55:16 DEBUG [SimulationScreen:164 main]: Added bus at (2.9527435,1.6502533,223.00165)
2023-08-23 22:55:16 DEBUG [SimulationScreen:164 main]: Added bus at (-9.020215,5.159951,68.40199)
2023-08-23 22:55:16 DEBUG [SimulationScreen:164 main]: Added bus at (9.810265,-2.041851,327.79434)
2023-08-23 22:55:16 DEBUG [SimulationScreen:164 main]: Added bus at (-1.5076904,9.128967,253.49637)
2023-08-23 22:55:16 DEBUG [SimulationScreen:164 main]: Added train at (9.866367,8.932156,12.024471)
2023-08-23 22:55:16 DEBUG [SimulationScreen:164 main]: Added train at (-7.8993073,6.548414,240.99394)
2023-08-23 22:55:16 DEBUG [SimulationScreen:164 main]: Added train at (-4.699824,-6.2296953,0.20886898)
2023-08-23 22:55:16 DEBUG [SimulationScreen:164 main]: Added train at (9.109741,7.6630726,339.18546)
2023-08-23 22:55:16 DEBUG [SimulationScreen:164 main]: Added train at (-0.5444164,5.04261,12.685261)
2023-08-23 22:55:16 DEBUG [SimulationScreen:164 main]: Added bus at (6.7631607,-5.663868,335.9711)
2023-08-23 22:55:16 DEBUG [SimulationScreen:164 main]: Added bus at (-7.5609326,8.487347,8.034546)
2023-08-23 22:55:16 DEBUG [SimulationScreen:164 main]: Added train at (1.7545185,1.7140408,233.70683)
2023-08-23 22:55:16 DEBUG [SimulationScreen:164 main]: Added bus at (3.1173744,-7.5583277,282.832)
2023-08-23 22:55:16 DEBUG [SimulationScreen:164 main]: Added train at (7.5088654,-5.8304906,58.82878)
2023-08-23 22:55:16 DEBUG [SimulationScreen:164 main]: Added bus at (1.3780499,-0.5447464,241.59177)
2023-08-23 22:55:16 DEBUG [SimulationScreen:164 main]: Added bus at (-6.5912795,-0.76260185,10.42418)
2023-08-23 22:55:16 DEBUG [SimulationScreen:164 main]: Added train at (-2.4999833,8.554457,149.4802)
2023-08-23 22:55:16 DEBUG [SimulationScreen:164 main]: Added bus at (4.269146,-8.370423,73.31938)
2023-08-23 22:55:16 DEBUG [SimulationScreen:164 main]: Added bus at (6.7247467,-4.219302,85.00547)
2023-08-23 22:55:16 DEBUG [SimulationScreen:164 main]: Added bus at (-1.847825,7.3524914,203.63168)
2023-08-23 22:55:16 DEBUG [SimulationScreen:164 main]: Added train at (7.367958,8.594149,261.29346)
2023-08-23 22:55:16 DEBUG [SimulationScreen:164 main]: Added bus at (9.070074,-8.023178,11.574955)
2023-08-23 22:55:16 DEBUG [SimulationScreen:164 main]: Added train at (1.6835413,-9.828139,212.35287)
2023-08-23 22:55:16 DEBUG [SimulationScreen:164 main]: Added bus at (3.4333715,2.7289658,131.33995)
2023-08-23 22:55:16 DEBUG [SimulationScreen:164 main]: Added bus at (-8.219755,-7.5955367,266.3987)
2023-08-23 22:55:16 DEBUG [SimulationScreen:164 main]: Added train at (-4.3287897,-0.78643703,230.86816)
2023-08-23 22:55:16 DEBUG [SimulationScreen:164 main]: Added bus at (5.454097,7.7207108,193.74092)
2023-08-23 22:55:16 DEBUG [SimulationScreen:164 main]: Added bus at (3.6440315,-9.501352,220.36491)
2023-08-23 22:55:16 DEBUG [SimulationScreen:164 main]: Added train at (6.199909,-0.60184,354.70477)
2023-08-23 22:55:16 DEBUG [SimulationScreen:164 main]: Added bus at (-5.149107,-6.5377903,215.1542)
2023-08-23 22:55:16 DEBUG [SimulationScreen:164 main]: Added train at (-7.4717474,9.658506,216.38557)
2023-08-23 22:55:16 DEBUG [SimulationScreen:164 main]: Added train at (-7.312847,-9.044248,55.230545)
2023-08-23 22:55:16 DEBUG [SimulationScreen:164 main]: Added train at (0.008771896,4.912137,171.77388)
2023-08-23 22:55:16 DEBUG [SimulationScreen:164 main]: Added bus at (-9.965786,2.1028214,25.463947)
2023-08-23 22:55:16 DEBUG [SimulationScreen:164 main]: Added train at (-0.72304916,1.9299812,297.38278)
2023-08-23 22:55:16 DEBUG [SimulationScreen:164 main]: Added train at (4.90448,-8.815137,43.131294)
2023-08-23 22:55:16 DEBUG [SimulationScreen:164 main]: Added bus at (-7.204653,-5.624194,249.96338)
2023-08-23 22:55:16 DEBUG [SimulationScreen:164 main]: Added train at (-8.175721,2.7924137,54.6166)
2023-08-23 22:55:16 DEBUG [SimulationScreen:164 main]: Added train at (-3.938868,2.8169107,257.61703)
2023-08-23 22:55:16 DEBUG [SimulationScreen:164 main]: Added bus at (-9.504142,-3.5512314,159.11147)
2023-08-23 22:55:16 DEBUG [SimulationScreen:164 main]: Added bus at (-8.513636,6.7570915,336.7502)
2023-08-23 22:55:16 DEBUG [SimulationScreen:164 main]: Added bus at (5.056202,-1.7318554,254.25275)
2023-08-23 22:55:16 DEBUG [SimulationScreen:164 main]: Added bus at (-6.4153805,5.7100782,15.3356695)
2023-08-23 22:55:16 DEBUG [SimulationScreen:164 main]: Added bus at (2.77141,0.88777924,122.13211)
2023-08-23 22:55:16 DEBUG [SimulationScreen:164 main]: Added bus at (-0.83318233,-8.927362,340.34747)
2023-08-23 22:55:16 DEBUG [SimulationScreen:164 main]: Added train at (-5.028336,2.4804888,59.185516)
2023-08-23 22:55:16 DEBUG [SimulationScreen:164 main]: Added train at (0.6218157,-0.29335117,149.6909)
2023-08-23 22:55:16 DEBUG [SimulationScreen:164 main]: Added bus at (4.901614,4.791973,132.07458)
2023-08-23 22:55:16 DEBUG [SimulationScreen:164 main]: Added bus at (1.8649845,7.8090305,77.646194)
2023-08-23 22:55:16 DEBUG [SimulationScreen:164 main]: Added train at (-3.8542328,-6.640376,260.94946)
2023-08-23 22:55:16 DEBUG [SimulationScreen:164 main]: Added train at (-0.4475355,0.8746681,179.11243)
2023-08-23 22:55:16 DEBUG [SimulationScreen:164 main]: Added train at (-8.478194,-7.5045433,355.67966)
2023-08-23 22:55:16 DEBUG [SimulationScreen:164 main]: Added train at (-3.4271646,-4.374505,56.775326)
2023-08-23 22:55:16 DEBUG [SimulationScreen:164 main]: Added train at (-1.2328987,-6.977419,293.99774)
2023-08-23 22:55:16 DEBUG [SimulationScreen:164 main]: Added train at (1.0674591,-9.121674,52.836815)
2023-08-23 22:55:16 DEBUG [SimulationScreen:164 main]: Added bus at (-7.5945616,-0.9266701,30.829954)
2023-08-23 22:55:16 DEBUG [SimulationScreen:164 main]: Added train at (6.83358,6.2020626,282.51917)
2023-08-23 22:55:16 DEBUG [SimulationScreen:164 main]: Added bus at (-4.8492813,5.283746,44.825165)
2023-08-23 22:55:16 DEBUG [SimulationScreen:164 main]: Added train at (-7.532774,5.720028,134.41714)
2023-08-23 22:55:16 DEBUG [SimulationScreen:164 main]: Added train at (4.045944,-2.6853275,322.93286)
2023-08-23 22:55:16 DEBUG [SimulationScreen:164 main]: Added train at (-3.1545296,-8.443144,146.72858)
2023-08-23 22:55:16 DEBUG [SimulationScreen:164 main]: Added bus at (-9.521838,-8.2909775,193.07274)
2023-08-23 22:55:16 DEBUG [SimulationScreen:164 main]: Added train at (4.561719,2.8126802,317.73932)
2023-08-23 22:55:16 DEBUG [SimulationScreen:164 main]: Added bus at (7.191164,7.657673,60.47667)
2023-08-23 22:55:16 DEBUG [SimulationScreen:164 main]: Added bus at (2.6213112,-5.595807,118.55778)
2023-08-23 22:55:16 DEBUG [SimulationScreen:164 main]: Added train at (-2.3044777,7.7715664,182.3367)
2023-08-23 22:55:16 DEBUG [SimulationScreen:164 main]: Added train at (9.37849,4.316845,327.96997)
2023-08-23 22:55:16 DEBUG [SimulationScreen:164 main]: Added train at (-1.8415565,5.599598,276.36728)
2023-08-23 22:55:16 DEBUG [SimulationScreen:164 main]: Added bus at (-2.1447096,9.511883,11.823929)
2023-08-23 22:55:16 DEBUG [SimulationScreen:164 main]: Added train at (8.126932,4.6259136,266.9587)
2023-08-23 22:55:16 DEBUG [SimulationScreen:164 main]: Added bus at (4.940073,-9.05157,82.38457)
2023-08-23 22:55:16 DEBUG [SimulationScreen:164 main]: Added train at (-9.854761,0.7871227,276.72397)
2023-08-23 22:55:16 DEBUG [SimulationScreen:164 main]: Added bus at (3.19985,1.2112217,4.855163)
2023-08-23 22:55:16 DEBUG [SimulationScreen:164 main]: Added bus at (5.473875,1.0781679,5.933304)
2023-08-23 22:55:16 DEBUG [SimulationScreen:164 main]: Added train at (9.8696,5.0422363,174.73576)
2023-08-23 22:55:16 DEBUG [SimulationScreen:164 main]: Added bus at (-3.2413826,-6.869339,94.50841)
2023-08-23 22:55:16 DEBUG [SimulationScreen:164 main]: Added train at (8.117975,8.126078,65.80873)
2023-08-23 22:55:16 DEBUG [SimulationScreen:164 main]: Added train at (-2.2885218,-4.477296,251.73569)
2023-08-23 22:55:16 DEBUG [SimulationScreen:164 main]: Added train at (9.989283,-4.5727587,161.41455)
2023-08-23 22:55:16 DEBUG [SimulationScreen:164 main]: Added bus at (5.331293,8.3385315,165.0813)
2023-08-23 22:55:16 DEBUG [SimulationScreen:164 main]: Added train at (7.8095455,4.5422745,293.82266)
2023-08-23 22:55:16 DEBUG [SimulationScreen:164 main]: Added bus at (-1.082572,5.219702,58.208763)
2023-08-23 22:55:16 DEBUG [SimulationScreen:164 main]: Added bus at (0.042963028,1.25352,268.767)
2023-08-23 22:55:16 DEBUG [SimulationScreen:164 main]: Added bus at (-9.532944,1.3710127,15.641184)
2023-08-23 22:55:16 DEBUG [SimulationScreen:164 main]: Added bus at (-5.7732606,-0.9953356,346.93124)
2023-08-23 22:55:16 DEBUG [SimulationScreen:164 main]: Added bus at (-4.9670467,3.6967049,99.45453)
2023-08-23 22:55:16 DEBUG [SimulationScreen:164 main]: Added train at (3.0966806,4.828266,217.39946)
2023-08-23 22:55:16 DEBUG [SimulationScreen:164 main]: Added train at (9.549576,5.2450523,42.743362)
2023-08-23 22:55:16 DEBUG [SimulationScreen:164 main]: Added bus at (-6.5151987,-1.436204,131.38472)
2023-08-23 22:55:16 DEBUG [SimulationScreen:164 main]: Added bus at (3.5453453,-2.1430802,213.68974)
2023-08-23 22:55:16 DEBUG [SimulationScreen:164 main]: Added bus at (-8.40743,0.47156906,276.69772)
2023-08-23 22:55:16 DEBUG [SimulationScreen:164 main]: Added train at (-3.9453897,3.1070318,338.65085)
2023-08-23 22:55:16 DEBUG [SimulationScreen:164 main]: Added train at (4.4698677,7.4432793,4.603679)
2023-08-23 22:55:16 DEBUG [SimulationScreen:164 main]: Added train at (8.336014,5.1018486,101.86352)
2023-08-23 22:55:16 DEBUG [SimulationScreen:164 main]: Added bus at (6.2288456,1.7008,330.31952)
2023-08-23 22:55:16 DEBUG [SimulationScreen:164 main]: Added bus at (9.230368,8.036873,105.92745)
2023-08-23 22:55:16 DEBUG [SimulationScreen:164 main]: Added train at (3.0884657,3.8988342,92.975174)
2023-08-23 22:55:16 DEBUG [SimulationScreen:164 main]: Added train at (5.736189,-5.618348,267.19968)
2023-08-23 22:55:16 DEBUG [SimulationScreen:164 main]: Added bus at (-4.422667,-7.131053,348.08942)
2023-08-23 22:55:16 DEBUG [SimulationScreen:164 main]: Added bus at (2.8585339,8.406229,106.42525)
2023-08-23 22:55:16 DEBUG [SimulationScreen:164 main]: Added train at (3.3549824,2.6567898,275.1371)
2023-08-23 22:55:16 DEBUG [SimulationScreen:164 main]: Added bus at (9.983498,9.451082,120.55858)
2023-08-23 22:55:16 DEBUG [SimulationScreen:164 main]: Added train at (0.15406513,-0.4200039,29.15145)
2023-08-23 22:55:16 DEBUG [SimulationScreen:164 main]: Added bus at (-2.495582,-2.056458,27.202492)
2023-08-23 22:55:16 DEBUG [SimulationScreen:164 main]: Added train at (2.348053,-7.1135798,139.2003)
2023-08-23 22:55:16 DEBUG [SimulationScreen:164 main]: Added bus at (-0.41324043,9.912437,274.38184)
2023-08-23 22:55:16 DEBUG [SimulationScreen:164 main]: Added train at (9.857256,-6.102059,235.46553)
2023-08-23 22:55:16 DEBUG [SimulationScreen:164 main]: Added bus at (-2.122047,-6.713043,107.01482)
2023-08-23 22:55:16 DEBUG [SimulationScreen:164 main]: Added train at (-7.3170114,-2.5400329,242.19475)
2023-08-23 22:55:16 DEBUG [SimulationScreen:164 main]: Added train at (-8.1786995,8.1863,14.515557)
2023-08-23 22:55:16 DEBUG [SimulationScreen:164 main]: Added train at (5.134796,3.6161118,297.39044)
2023-08-23 22:55:16 DEBUG [SimulationScreen:164 main]: Added train at (-5.8011236,-0.0667963,220.31128)
2023-08-23 22:55:16 DEBUG [SimulationScreen:164 main]: Added train at (3.4544754,2.624673,122.080376)
2023-08-23 22:55:16 DEBUG [SimulationScreen:164 main]: Added train at (-4.722666,-8.7148285,151.6804)
2023-08-23 22:55:16 DEBUG [SimulationScreen:164 main]: Added train at (1.7894182,1.1017475,56.019844)
2023-08-23 22:55:16 DEBUG [SimulationScreen:164 main]: Added train at (9.239347,9.926571,357.05237)
2023-08-23 22:55:16 DEBUG [SimulationScreen:164 main]: Added train at (6.274523,-7.7225304,136.17943)
2023-08-23 22:55:16 DEBUG [SimulationScreen:164 main]: Added bus at (-1.2706575,-7.0218086,246.41643)
2023-08-23 22:55:16 DEBUG [SimulationScreen:164 main]: Added bus at (-7.5315514,4.183319,104.97943)
2023-08-23 22:55:26 DEBUG [LRUTileCache:99 main]: Shutdown LRUTileCache
2023-08-23 22:55:26 DEBUG [LRUTileCache:79 main]: Purging LRUTileCache
