2023-08-23 21:23:03 INFO [Lwjgl3Launcher:14 main]: DECO3801 Hermes+Atlas, by Team Segmentation fault (core dumped) - UQ 2023 Semester 2
2023-08-23 21:23:03 INFO [Lwjgl3Launcher:15 main]: Working dir: C:\Users\hbatt\OneDrive\university_files\2023\s2\deco3801\hermes\assets\.
2023-08-23 21:23:05 INFO [TileServerManager:48 Thread-2]: Tile server is already started
2023-08-23 21:23:05 DEBUG [LoadingScreen:74 Thread-2]: Checking tile server connectivity
2023-08-23 21:23:05 DEBUG [TileServerManager:76 Thread-2]: Fetching tile: http://localhost:8080/tile/0/0/0.png
2023-08-23 21:23:06 INFO [LoadingScreen:81 Thread-2]: Loading assets
2023-08-23 21:23:06 INFO [LoadingScreen:100 main]: Done loading assets
2023-08-23 21:23:07 INFO [SimulationScreen:169 main]: Creating AtlasScreen
2023-08-23 21:23:07 INFO [SimulationScreen:174 main]: Using graphics preset: It Runs Crysis
2023-08-23 21:23:07 INFO [AtlasSceneManager:78 main]: Using PBR shader for It Runs Crysis graphics
2023-08-23 21:23:07 INFO [SimulationScreen:136 main]: Updating 4 models to have 16.0x anisotropic filtering
2023-08-23 21:23:07 DEBUG [SimulationScreen:153 main]: Construct test scene
2023-08-23 21:23:07 DEBUG [SimulationScreen:164 main]: Added bus at (0.14760017,-1.2552567,216.63213)
2023-08-23 21:23:07 DEBUG [SimulationScreen:164 main]: Added train at (-4.1489935,-7.2063932,109.81466)
2023-08-23 21:23:07 DEBUG [SimulationScreen:164 main]: Added bus at (-6.731204,9.622387,342.52737)
2023-08-23 21:23:07 DEBUG [SimulationScreen:164 main]: Added train at (0.8941593,-0.3676567,94.4656)
2023-08-23 21:23:07 DEBUG [SimulationScreen:164 main]: Added train at (8.530834,-5.859603,149.13931)
2023-08-23 21:23:07 DEBUG [SimulationScreen:164 main]: Added train at (-0.63892937,9.6273575,203.09528)
2023-08-23 21:23:07 DEBUG [SimulationScreen:164 main]: Added bus at (3.3268604,-9.223539,171.73438)
2023-08-23 21:23:07 DEBUG [SimulationScreen:164 main]: Added train at (7.9045105,1.4924669,103.32406)
2023-08-23 21:23:07 DEBUG [SimulationScreen:164 main]: Added bus at (-2.3402843,2.2252455,278.50354)
2023-08-23 21:23:07 DEBUG [SimulationScreen:164 main]: Added train at (-2.6936684,7.524521,106.29931)
2023-08-23 21:23:07 DEBUG [SimulationScreen:164 main]: Added bus at (-0.3599081,6.1418934,321.9224)
2023-08-23 21:23:07 DEBUG [SimulationScreen:164 main]: Added bus at (-6.970688,-5.045434,184.24739)
2023-08-23 21:23:07 DEBUG [SimulationScreen:164 main]: Added bus at (-5.5816402,-7.519462,112.0392)
2023-08-23 21:23:07 DEBUG [SimulationScreen:164 main]: Added bus at (5.3352785,-6.3873615,259.33746)
2023-08-23 21:23:07 DEBUG [SimulationScreen:164 main]: Added train at (3.7860107,-6.0169435,226.66907)
2023-08-23 21:23:07 DEBUG [SimulationScreen:164 main]: Added train at (4.7870674,-3.8529882,40.68484)
2023-08-23 21:23:07 DEBUG [SimulationScreen:164 main]: Added bus at (-7.5447855,5.751895,35.969776)
2023-08-23 21:23:07 DEBUG [SimulationScreen:164 main]: Added train at (-2.433609,-1.7073593,199.08505)
2023-08-23 21:23:07 DEBUG [SimulationScreen:164 main]: Added train at (3.2094278,-5.3845034,134.62614)
2023-08-23 21:23:07 DEBUG [SimulationScreen:164 main]: Added train at (-8.28577,4.2852316,1.8622899)
2023-08-23 21:23:07 DEBUG [SimulationScreen:164 main]: Added train at (2.179184,-0.8663063,144.4145)
2023-08-23 21:23:07 DEBUG [SimulationScreen:164 main]: Added train at (-1.4632273,7.501745,301.5668)
2023-08-23 21:23:07 DEBUG [SimulationScreen:164 main]: Added bus at (-0.49028778,0.024009705,169.09819)
2023-08-23 21:23:07 DEBUG [SimulationScreen:164 main]: Added bus at (-2.6364937,7.3751793,104.16322)
2023-08-23 21:23:07 DEBUG [SimulationScreen:164 main]: Added train at (-8.438119,4.250389,199.26822)
2023-08-23 21:23:07 DEBUG [SimulationScreen:164 main]: Added bus at (-2.8346658,6.524637,139.40381)
2023-08-23 21:23:07 DEBUG [SimulationScreen:164 main]: Added train at (3.740984,3.598772,261.6561)
2023-08-23 21:23:07 DEBUG [SimulationScreen:164 main]: Added train at (-2.4571552,1.9253044,308.51306)
2023-08-23 21:23:07 DEBUG [SimulationScreen:164 main]: Added train at (-4.2720866,1.2914047,98.03702)
2023-08-23 21:23:07 DEBUG [SimulationScreen:164 main]: Added train at (7.274687,-9.6626625,74.53374)
2023-08-23 21:23:07 DEBUG [SimulationScreen:164 main]: Added train at (2.1855278,4.1256,193.29558)
2023-08-23 21:23:07 DEBUG [SimulationScreen:164 main]: Added train at (2.371975,9.628622,234.48468)
2023-08-23 21:23:07 DEBUG [SimulationScreen:164 main]: Added train at (-5.495924,9.795324,11.24794)
2023-08-23 21:23:07 DEBUG [SimulationScreen:164 main]: Added train at (8.68675,-4.2402353,80.10874)
2023-08-23 21:23:07 DEBUG [SimulationScreen:164 main]: Added train at (0.22547626,1.0270424,203.66989)
2023-08-23 21:23:07 DEBUG [SimulationScreen:164 main]: Added train at (8.313282,-2.163105,258.40408)
2023-08-23 21:23:07 DEBUG [SimulationScreen:164 main]: Added train at (4.0306034,-7.7502785,131.74577)
2023-08-23 21:23:07 DEBUG [SimulationScreen:164 main]: Added train at (-6.7338753,-0.7935314,76.440704)
2023-08-23 21:23:07 DEBUG [SimulationScreen:164 main]: Added train at (-4.953903,7.142145,130.64381)
2023-08-23 21:23:07 DEBUG [SimulationScreen:164 main]: Added bus at (8.745932,-9.206266,354.78632)
2023-08-23 21:23:07 DEBUG [SimulationScreen:164 main]: Added bus at (-7.835292,9.979115,92.64247)
2023-08-23 21:23:07 DEBUG [SimulationScreen:164 main]: Added bus at (5.706788,-9.77071,156.86597)
2023-08-23 21:23:07 DEBUG [SimulationScreen:164 main]: Added bus at (5.5150814,2.8691864,121.478745)
2023-08-23 21:23:07 DEBUG [SimulationScreen:164 main]: Added bus at (2.2869387,4.570775,234.92906)
2023-08-23 21:23:07 DEBUG [SimulationScreen:164 main]: Added train at (-5.3357863,-6.507926,126.080086)
2023-08-23 21:23:07 DEBUG [SimulationScreen:164 main]: Added bus at (4.2825203,9.199554,356.72147)
2023-08-23 21:23:07 DEBUG [SimulationScreen:164 main]: Added bus at (-2.9718962,-7.6461053,163.77135)
2023-08-23 21:23:07 DEBUG [SimulationScreen:164 main]: Added bus at (6.6442146,2.6904144,265.03738)
2023-08-23 21:23:07 DEBUG [SimulationScreen:164 main]: Added train at (-1.244915,-5.387779,61.83228)
2023-08-23 21:23:07 DEBUG [SimulationScreen:164 main]: Added train at (7.476742,-4.905282,266.6799)
2023-08-23 21:23:07 DEBUG [SimulationScreen:164 main]: Added train at (1.2585392,-5.6086183,132.1867)
2023-08-23 21:23:07 DEBUG [SimulationScreen:164 main]: Added bus at (8.28314,-1.8003569,26.496126)
2023-08-23 21:23:07 DEBUG [SimulationScreen:164 main]: Added train at (3.1024437,5.5491734,155.52536)
2023-08-23 21:23:07 DEBUG [SimulationScreen:164 main]: Added bus at (-8.669249,-6.248392,33.220253)
2023-08-23 21:23:07 DEBUG [SimulationScreen:164 main]: Added train at (5.3030825,-0.3842678,200.31552)
2023-08-23 21:23:07 DEBUG [SimulationScreen:164 main]: Added bus at (-9.945573,-5.5088067,1.5176797)
2023-08-23 21:23:07 DEBUG [SimulationScreen:164 main]: Added bus at (7.185665,5.3041935,224.47444)
2023-08-23 21:23:07 DEBUG [SimulationScreen:164 main]: Added train at (2.3243723,-0.36001682,338.19916)
2023-08-23 21:23:07 DEBUG [SimulationScreen:164 main]: Added train at (-9.554991,-2.60741,47.491127)
2023-08-23 21:23:07 DEBUG [SimulationScreen:164 main]: Added train at (2.1280499,3.1352024,137.62424)
2023-08-23 21:23:07 DEBUG [SimulationScreen:164 main]: Added train at (3.8096437,5.1905327,225.39087)
2023-08-23 21:23:07 DEBUG [SimulationScreen:164 main]: Added bus at (-6.0319176,-8.331751,143.13458)
2023-08-23 21:23:07 DEBUG [SimulationScreen:164 main]: Added bus at (7.018009,3.4533072,153.72255)
2023-08-23 21:23:07 DEBUG [SimulationScreen:164 main]: Added bus at (3.2244282,-3.943056,218.08748)
2023-08-23 21:23:07 DEBUG [SimulationScreen:164 main]: Added train at (-4.378234,9.308874,2.0934105)
2023-08-23 21:23:07 DEBUG [SimulationScreen:164 main]: Added train at (-1.7273273,-6.2817087,219.17784)
2023-08-23 21:23:07 DEBUG [SimulationScreen:164 main]: Added bus at (6.9056835,-7.7875996,81.558426)
2023-08-23 21:23:07 DEBUG [SimulationScreen:164 main]: Added bus at (8.879753,8.27589,285.10312)
2023-08-23 21:23:07 DEBUG [SimulationScreen:164 main]: Added bus at (9.717161,-4.625882,101.53361)
2023-08-23 21:23:07 DEBUG [SimulationScreen:164 main]: Added train at (9.538218,-1.8802624,260.41745)
2023-08-23 21:23:07 DEBUG [SimulationScreen:164 main]: Added bus at (1.3387442,2.4803934,141.61867)
2023-08-23 21:23:07 DEBUG [SimulationScreen:164 main]: Added bus at (-3.6194172,8.085953,165.56912)
2023-08-23 21:23:07 DEBUG [SimulationScreen:164 main]: Added train at (5.7732677,6.9599915,209.12227)
2023-08-23 21:23:07 DEBUG [SimulationScreen:164 main]: Added train at (-3.2243338,5.453944,34.36959)
2023-08-23 21:23:07 DEBUG [SimulationScreen:164 main]: Added train at (-2.5928202,8.468565,265.2834)
2023-08-23 21:23:07 DEBUG [SimulationScreen:164 main]: Added bus at (3.4733477,-1.0109367,304.81302)
2023-08-23 21:23:07 DEBUG [SimulationScreen:164 main]: Added bus at (7.8213882,-1.2656403,107.87665)
2023-08-23 21:23:07 DEBUG [SimulationScreen:164 main]: Added bus at (-6.5718184,-1.3914261,159.46037)
2023-08-23 21:23:07 DEBUG [SimulationScreen:164 main]: Added train at (-9.285662,4.65897,73.970215)
2023-08-23 21:23:07 DEBUG [SimulationScreen:164 main]: Added bus at (3.9655695,6.5528374,304.85095)
2023-08-23 21:23:07 DEBUG [SimulationScreen:164 main]: Added bus at (-6.876142,-5.668358,138.77708)
2023-08-23 21:23:07 DEBUG [SimulationScreen:164 main]: Added bus at (-5.4506865,7.801338,20.592564)
2023-08-23 21:23:07 DEBUG [SimulationScreen:164 main]: Added train at (8.488373,3.1778917,158.75388)
2023-08-23 21:23:07 DEBUG [SimulationScreen:164 main]: Added bus at (-5.093119,8.424692,301.05215)
2023-08-23 21:23:07 DEBUG [SimulationScreen:164 main]: Added bus at (-4.3283844,-7.2683883,200.82005)
2023-08-23 21:23:07 DEBUG [SimulationScreen:164 main]: Added train at (0.64175224,-8.80301,126.812935)
2023-08-23 21:23:07 DEBUG [SimulationScreen:164 main]: Added bus at (2.2036161,-0.91823006,331.19516)
2023-08-23 21:23:07 DEBUG [SimulationScreen:164 main]: Added bus at (-0.40991592,8.797333,163.05069)
2023-08-23 21:23:07 DEBUG [SimulationScreen:164 main]: Added train at (-0.48769855,-2.0866451,209.60408)
2023-08-23 21:23:07 DEBUG [SimulationScreen:164 main]: Added train at (-3.217063,1.4332294,263.7808)
2023-08-23 21:23:07 DEBUG [SimulationScreen:164 main]: Added train at (-2.3005319,-9.759356,109.741425)
2023-08-23 21:23:07 DEBUG [SimulationScreen:164 main]: Added train at (6.949711,-4.021926,336.80853)
2023-08-23 21:23:07 DEBUG [SimulationScreen:164 main]: Added train at (1.4434967,6.392462,39.05097)
2023-08-23 21:23:07 DEBUG [SimulationScreen:164 main]: Added bus at (4.770529,5.876542,79.59086)
2023-08-23 21:23:07 DEBUG [SimulationScreen:164 main]: Added train at (5.5186043,-2.7243376,113.8407)
2023-08-23 21:23:07 DEBUG [SimulationScreen:164 main]: Added train at (7.8598194,5.461446,62.07724)
2023-08-23 21:23:07 DEBUG [SimulationScreen:164 main]: Added train at (6.0409565,5.074339,344.0688)
2023-08-23 21:23:07 DEBUG [SimulationScreen:164 main]: Added bus at (-6.546563,4.6210785,47.714287)
2023-08-23 21:23:07 DEBUG [SimulationScreen:164 main]: Added train at (-1.5508318,-6.5083027,295.7476)
2023-08-23 21:23:07 DEBUG [SimulationScreen:164 main]: Added bus at (2.607751,7.967453,125.963425)
2023-08-23 21:23:07 DEBUG [SimulationScreen:164 main]: Added train at (-3.128439,2.0517645,20.46343)
2023-08-23 21:23:07 DEBUG [SimulationScreen:164 main]: Added bus at (4.9640465,1.6978636,159.55591)
2023-08-23 21:23:07 DEBUG [SimulationScreen:164 main]: Added bus at (4.620289,4.8613033,154.34396)
2023-08-23 21:23:07 DEBUG [SimulationScreen:164 main]: Added train at (-2.2148156,-4.277817,57.412426)
2023-08-23 21:23:07 DEBUG [SimulationScreen:164 main]: Added train at (-2.5780416,6.2262325,223.24446)
2023-08-23 21:23:07 DEBUG [SimulationScreen:164 main]: Added train at (-4.8007655,1.5596762,101.8023)
2023-08-23 21:23:07 DEBUG [SimulationScreen:164 main]: Added bus at (6.393873,4.0687656,88.085915)
2023-08-23 21:23:07 DEBUG [SimulationScreen:164 main]: Added bus at (-1.3760805,4.385524,74.23584)
2023-08-23 21:23:07 DEBUG [SimulationScreen:164 main]: Added bus at (3.580284,7.829193,323.4208)
2023-08-23 21:23:07 DEBUG [SimulationScreen:164 main]: Added train at (7.4867363,4.30297,170.97215)
2023-08-23 21:23:07 DEBUG [SimulationScreen:164 main]: Added train at (-4.945581,1.6976557,226.6838)
2023-08-23 21:23:07 DEBUG [SimulationScreen:164 main]: Added train at (-2.8586721,-2.5115132,127.066605)
2023-08-23 21:23:07 DEBUG [SimulationScreen:164 main]: Added bus at (8.24081,-8.217585,191.75415)
2023-08-23 21:23:07 DEBUG [SimulationScreen:164 main]: Added bus at (-4.9270144,5.220827,55.981327)
2023-08-23 21:23:07 DEBUG [SimulationScreen:164 main]: Added train at (-0.1179657,-4.33704,42.842987)
2023-08-23 21:23:07 DEBUG [SimulationScreen:164 main]: Added train at (-0.5841408,9.925879,178.73294)
2023-08-23 21:23:07 DEBUG [SimulationScreen:164 main]: Added train at (-8.628716,4.6862946,330.82303)
2023-08-23 21:23:07 DEBUG [SimulationScreen:164 main]: Added bus at (4.9967384,-5.969878,306.71332)
2023-08-23 21:23:07 DEBUG [SimulationScreen:164 main]: Added train at (-3.981618,3.6173477,243.09775)
2023-08-23 21:23:07 DEBUG [SimulationScreen:164 main]: Added train at (6.1075554,0.5474949,29.127739)
2023-08-23 21:23:07 DEBUG [SimulationScreen:164 main]: Added bus at (-5.221468,-8.618976,149.62726)
2023-08-23 21:23:07 DEBUG [SimulationScreen:164 main]: Added bus at (6.9532585,-1.8646669,233.50621)
2023-08-23 21:23:07 DEBUG [SimulationScreen:164 main]: Added train at (-4.8225975,4.0446663,325.3238)
2023-08-23 21:23:07 DEBUG [SimulationScreen:164 main]: Added bus at (4.476022,-7.6581144,25.032864)
2023-08-23 21:23:07 DEBUG [SimulationScreen:164 main]: Added bus at (-7.289219,5.7834063,312.2223)
2023-08-23 21:23:07 DEBUG [SimulationScreen:164 main]: Added train at (7.593832,3.0720978,209.3359)
2023-08-23 21:23:07 DEBUG [SimulationScreen:164 main]: Added bus at (-1.4977407,-2.6753378,71.70566)
2023-08-23 21:23:07 DEBUG [SimulationScreen:164 main]: Added train at (0.1644659,-9.78725,89.81218)
2023-08-23 21:23:07 DEBUG [SimulationScreen:164 main]: Added train at (-4.642966,8.382591,74.36146)
2023-08-23 21:23:07 DEBUG [SimulationScreen:164 main]: Added bus at (-7.14839,-4.3303537,234.71597)
2023-08-23 21:23:07 DEBUG [SimulationScreen:164 main]: Added train at (6.0136833,9.253483,215.4461)
2023-08-23 21:23:07 DEBUG [SimulationScreen:164 main]: Added train at (-2.2583284,1.2893019,179.70258)
2023-08-23 21:23:07 DEBUG [SimulationScreen:164 main]: Added train at (6.2980957,7.3971786,300.50366)
2023-08-23 21:23:07 DEBUG [SimulationScreen:164 main]: Added train at (-2.1183023,-8.247059,5.595174)
2023-08-23 21:23:07 DEBUG [SimulationScreen:164 main]: Added train at (-1.391736,9.8688965,289.68527)
2023-08-23 21:23:07 DEBUG [SimulationScreen:164 main]: Added bus at (-0.4889021,9.512516,249.88356)
2023-08-23 21:23:07 DEBUG [SimulationScreen:164 main]: Added train at (8.732132,1.8234711,273.90958)
2023-08-23 21:23:07 DEBUG [SimulationScreen:164 main]: Added bus at (9.244705,0.92872715,348.70428)
2023-08-23 21:23:07 DEBUG [SimulationScreen:164 main]: Added train at (2.68285,-1.6598644,312.75003)
2023-08-23 21:23:07 DEBUG [SimulationScreen:164 main]: Added train at (3.3055887,-5.1871276,189.6042)
2023-08-23 21:23:07 DEBUG [SimulationScreen:164 main]: Added train at (5.3208675,9.855114,267.76102)
2023-08-23 21:23:07 DEBUG [SimulationScreen:164 main]: Added bus at (-4.6183624,2.9271555,95.81087)
2023-08-23 21:23:07 DEBUG [SimulationScreen:164 main]: Added bus at (-3.4377694,-2.399037,350.4668)
2023-08-23 21:23:07 DEBUG [SimulationScreen:164 main]: Added train at (3.1984243,-9.691437,48.805004)
2023-08-23 21:23:07 DEBUG [SimulationScreen:164 main]: Added bus at (-4.8314514,-8.569842,19.175756)
2023-08-23 21:23:07 DEBUG [SimulationScreen:164 main]: Added train at (1.2317333,-9.540899,322.47794)
2023-08-23 21:23:07 DEBUG [SimulationScreen:164 main]: Added bus at (-2.266489,-9.571252,321.9679)
2023-08-23 21:23:07 DEBUG [SimulationScreen:164 main]: Added bus at (8.0420685,-2.3186302,210.13159)
2023-08-23 21:23:07 DEBUG [SimulationScreen:164 main]: Added train at (-6.7525864,-4.7422767,96.13114)
2023-08-23 21:23:07 DEBUG [SimulationScreen:164 main]: Added train at (4.266939,3.528719,129.73094)
2023-08-23 21:23:07 DEBUG [SimulationScreen:164 main]: Added train at (4.3589287,9.978291,293.0098)
2023-08-23 21:23:07 DEBUG [SimulationScreen:164 main]: Added bus at (8.732428,0.48422432,311.94214)
2023-08-23 21:23:07 DEBUG [SimulationScreen:164 main]: Added bus at (8.458517,4.4462795,310.96667)
2023-08-23 21:23:07 DEBUG [SimulationScreen:164 main]: Added train at (-8.88579,3.7235022,103.82681)
2023-08-23 21:23:07 DEBUG [SimulationScreen:164 main]: Added train at (1.9127903,-9.092352,263.44287)
2023-08-23 21:23:07 DEBUG [SimulationScreen:164 main]: Added bus at (-1.2802105,8.909632,19.31759)
2023-08-23 21:23:07 DEBUG [SimulationScreen:164 main]: Added bus at (-8.380284,0.37701416,216.44894)
2023-08-23 21:23:07 DEBUG [SimulationScreen:164 main]: Added bus at (1.9541016,5.8337345,223.24445)
2023-08-23 21:23:07 DEBUG [SimulationScreen:164 main]: Added train at (-7.9969397,-4.89413,86.56145)
2023-08-23 21:23:07 DEBUG [SimulationScreen:164 main]: Added bus at (-7.0059085,-1.3668432,25.634558)
2023-08-23 21:23:07 DEBUG [SimulationScreen:164 main]: Added train at (3.2495985,-8.233146,151.90201)
2023-08-23 21:23:07 DEBUG [SimulationScreen:164 main]: Added train at (-8.883579,-4.5481324,177.2661)
2023-08-23 21:23:07 DEBUG [SimulationScreen:164 main]: Added bus at (9.948275,3.9278316,259.3968)
2023-08-23 21:23:07 DEBUG [SimulationScreen:164 main]: Added bus at (1.5693903,-1.2247467,47.248505)
2023-08-23 21:23:07 DEBUG [SimulationScreen:164 main]: Added train at (-3.5681868,-4.353627,317.76102)
2023-08-23 21:23:07 DEBUG [SimulationScreen:164 main]: Added bus at (-1.9812756,-0.688344,234.62892)
2023-08-23 21:23:07 DEBUG [SimulationScreen:164 main]: Added train at (-4.0610733,3.2767544,105.02707)
2023-08-23 21:23:07 DEBUG [SimulationScreen:164 main]: Added bus at (5.661068,6.621479,251.26825)
2023-08-23 21:23:07 DEBUG [SimulationScreen:164 main]: Added train at (-7.711959,1.0531425,311.3974)
2023-08-23 21:23:07 DEBUG [SimulationScreen:164 main]: Added train at (7.6819973,-7.068751,264.45102)
2023-08-23 21:23:07 DEBUG [SimulationScreen:164 main]: Added train at (-1.7659988,-4.6718335,89.12414)
2023-08-23 21:23:07 DEBUG [SimulationScreen:164 main]: Added bus at (-3.3664331,-8.725624,171.5975)
2023-08-23 21:23:07 DEBUG [SimulationScreen:164 main]: Added train at (-0.16754913,-5.99689,103.16214)
2023-08-23 21:23:07 DEBUG [SimulationScreen:164 main]: Added train at (3.6047096,-3.7308574,156.48085)
2023-08-23 21:23:07 DEBUG [SimulationScreen:164 main]: Added train at (1.0104733,-3.030262,53.29397)
2023-08-23 21:23:07 DEBUG [SimulationScreen:164 main]: Added train at (0.10998821,-7.7975235,48.66377)
2023-08-23 21:23:07 DEBUG [SimulationScreen:164 main]: Added bus at (9.710365,6.09326,146.86887)
2023-08-23 21:23:07 DEBUG [SimulationScreen:164 main]: Added bus at (-0.67997456,-4.0507936,109.55841)
2023-08-23 21:23:07 DEBUG [SimulationScreen:164 main]: Added bus at (7.584442,-4.1296825,273.88687)
2023-08-23 21:23:07 DEBUG [SimulationScreen:164 main]: Added train at (-1.207262,-5.0691996,333.184)
2023-08-23 21:23:07 DEBUG [SimulationScreen:164 main]: Added train at (4.3185368,-4.48833,265.5539)
2023-08-23 21:23:07 DEBUG [SimulationScreen:164 main]: Added bus at (-1.6646051,-6.934428,24.492516)
2023-08-23 21:23:07 DEBUG [SimulationScreen:164 main]: Added train at (8.281027,-2.6722727,221.88998)
2023-08-23 21:23:07 DEBUG [SimulationScreen:164 main]: Added train at (-7.1801662,1.9612732,264.3285)
2023-08-23 21:23:07 DEBUG [SimulationScreen:164 main]: Added train at (2.5863247,2.6029253,147.26813)
2023-08-23 21:23:07 DEBUG [SimulationScreen:164 main]: Added bus at (3.4752903,6.335148,237.31487)
2023-08-23 21:23:07 DEBUG [SimulationScreen:164 main]: Added train at (-8.089052,2.7910128,81.07691)
2023-08-23 21:23:07 DEBUG [SimulationScreen:164 main]: Added train at (-4.8487163,0.5618496,338.36816)
2023-08-23 21:23:07 DEBUG [SimulationScreen:164 main]: Added bus at (-0.16634178,-8.256274,359.00952)
2023-08-23 21:23:07 DEBUG [SimulationScreen:164 main]: Added bus at (7.9978523,8.042583,80.44733)
2023-08-23 21:23:07 DEBUG [SimulationScreen:164 main]: Added bus at (1.041976,-7.3960567,18.629702)
2023-08-23 21:23:07 DEBUG [SimulationScreen:164 main]: Added train at (-9.570118,-4.8464336,243.07198)
2023-08-23 21:23:07 DEBUG [SimulationScreen:164 main]: Added train at (-2.5924053,3.195611,306.2133)
2023-08-23 21:23:07 DEBUG [SimulationScreen:164 main]: Added bus at (-8.151995,9.291893,17.648249)
2023-08-23 21:23:07 DEBUG [SimulationScreen:164 main]: Added train at (-8.060002,-3.3170438,118.79785)
2023-08-23 21:23:07 DEBUG [SimulationScreen:164 main]: Added train at (6.175274,3.9160156,67.28381)
2023-08-23 21:23:07 DEBUG [SimulationScreen:164 main]: Added bus at (5.5025463,6.078129,14.744468)
2023-08-23 21:23:07 DEBUG [SimulationScreen:164 main]: Added train at (0.06818867,-7.507845,195.74669)
2023-08-23 21:23:07 DEBUG [SimulationScreen:164 main]: Added bus at (-3.743781,-8.861149,110.97741)
2023-08-23 21:23:07 DEBUG [SimulationScreen:164 main]: Added train at (9.794241,7.4627457,166.62369)
2023-08-23 21:23:07 DEBUG [SimulationScreen:164 main]: Added train at (3.1039352,-4.0721025,98.97879)
2023-08-23 21:23:09 DEBUG [SimulationScreen:205 main]: Enter fullscreen from window mode
2023-08-23 21:23:44 DEBUG [LRUTileCache:99 main]: Shutdown LRUTileCache
2023-08-23 21:23:44 DEBUG [LRUTileCache:79 main]: Purging LRUTileCache
